<?xml version="1.0" encoding="UTF-8"?>
<testng-results skipped="0" failed="1" ignored="0" total="1" passed="0">
  <reporter-output>
  </reporter-output>
  <suite name="Default suite" duration-ms="45692" started-at="2020-06-14T21:52:11 SGT" finished-at="2020-06-14T21:52:57 SGT">
    <groups>
      <group name="cucumber">
        <method signature="TestRunner.runScenario(cucumber.api.testng.PickleEventWrapper, cucumber.api.testng.CucumberFeatureWrapper)[pri:0, instance:testRunner.TestRunner@5f282abb]" name="runScenario" class="testRunner.TestRunner"/>
      </group> <!-- cucumber -->
    </groups>
    <test name="Default test" duration-ms="45692" started-at="2020-06-14T21:52:11 SGT" finished-at="2020-06-14T21:52:57 SGT">
      <class name="testRunner.TestRunner">
        <test-method status="PASS" signature="setUpClass()[pri:0, instance:testRunner.TestRunner@5f282abb]" name="setUpClass" is-config="true" duration-ms="271" started-at="2020-06-14T21:52:11 SGT" finished-at="2020-06-14T21:52:12 SGT">
          <reporter-output>
          </reporter-output>
        </test-method> <!-- setUpClass -->
        <test-method status="FAIL" signature="runScenario(cucumber.api.testng.PickleEventWrapper, cucumber.api.testng.CucumberFeatureWrapper)[pri:0, instance:testRunner.TestRunner@5f282abb]" name="runScenario" duration-ms="44733" started-at="2020-06-14T21:52:12 SGT" description="Runs Cucumber Scenarios" data-provider="scenarios" finished-at="2020-06-14T21:52:56 SGT">
          <params>
            <param index="0">
              <value>
                <![CDATA["Get new grant - Verify redirect to the section with the missing details and error numbers are shown in the sidebar"]]>
              </value>
            </param>
            <param index="1">
              <value>
                <![CDATA["Business Grants Portal - Get new grant"]]>
              </value>
            </param>
          </params>
          <exception class="org.openqa.selenium.NoSuchElementException">
            <message>
              <![CDATA[no such element: Unable to locate element: {"method":"xpath","selector":"//span[text()='Declare & Review']/following::span[1][@class='label label-error']"}
  (Session info: chrome=83.0.4103.97)
For documentation on this error, please visit: https://www.seleniumhq.org/exceptions/no_such_element.html
Build info: version: '4.0.0-alpha-3', revision: '8c567de6dc'
System info: host: 'ITEM-S76291', ip: '192.168.1.110', os.name: 'Windows 10', os.arch: 'amd64', os.version: '10.0', java.version: '1.8.0_241'
Driver info: org.openqa.selenium.chrome.ChromeDriver
Capabilities {acceptInsecureCerts: false, browserName: chrome, browserVersion: 83.0.4103.97, chrome: {chromedriverVersion: 83.0.4103.39 (ccbf011cb2d2b..., userDataDir: C:\Users\KKANIK~1\AppData\L...}, goog:chromeOptions: {debuggerAddress: localhost:64145}, javascriptEnabled: true, networkConnectionEnabled: false, pageLoadStrategy: normal, platform: WINDOWS, platformName: WINDOWS, proxy: Proxy(), setWindowRect: true, strictFileInteractability: false, timeouts: {implicit: 0, pageLoad: 300000, script: 30000}, unhandledPromptBehavior: dismiss and notify, webauthn:virtualAuthenticators: true}
Session ID: ac70c4c5c2602142be6d6935fe63b33a
*** Element info: {Using=xpath, value=//span[text()='Declare & Review']/following::span[1][@class='label label-error']}]]>
            </message>
            <full-stacktrace>
              <![CDATA[org.openqa.selenium.NoSuchElementException: no such element: Unable to locate element: {"method":"xpath","selector":"//span[text()='Declare & Review']/following::span[1][@class='label label-error']"}
  (Session info: chrome=83.0.4103.97)
For documentation on this error, please visit: https://www.seleniumhq.org/exceptions/no_such_element.html
Build info: version: '4.0.0-alpha-3', revision: '8c567de6dc'
System info: host: 'ITEM-S76291', ip: '192.168.1.110', os.name: 'Windows 10', os.arch: 'amd64', os.version: '10.0', java.version: '1.8.0_241'
Driver info: org.openqa.selenium.chrome.ChromeDriver
Capabilities {acceptInsecureCerts: false, browserName: chrome, browserVersion: 83.0.4103.97, chrome: {chromedriverVersion: 83.0.4103.39 (ccbf011cb2d2b..., userDataDir: C:\Users\KKANIK~1\AppData\L...}, goog:chromeOptions: {debuggerAddress: localhost:64145}, javascriptEnabled: true, networkConnectionEnabled: false, pageLoadStrategy: normal, platform: WINDOWS, platformName: WINDOWS, proxy: Proxy(), setWindowRect: true, strictFileInteractability: false, timeouts: {implicit: 0, pageLoad: 300000, script: 30000}, unhandledPromptBehavior: dismiss and notify, webauthn:virtualAuthenticators: true}
Session ID: ac70c4c5c2602142be6d6935fe63b33a
*** Element info: {Using=xpath, value=//span[text()='Declare & Review']/following::span[1][@class='label label-error']}
at sun.reflect.GeneratedConstructorAccessor19.newInstance(Unknown Source)
at sun.reflect.DelegatingConstructorAccessorImpl.newInstance(DelegatingConstructorAccessorImpl.java:45)
at java.lang.reflect.Constructor.newInstance(Constructor.java:423)
at org.openqa.selenium.remote.codec.w3c.W3CHttpResponseCodec.createException(W3CHttpResponseCodec.java:191)
at org.openqa.selenium.remote.codec.w3c.W3CHttpResponseCodec.decode(W3CHttpResponseCodec.java:125)
at org.openqa.selenium.remote.codec.w3c.W3CHttpResponseCodec.decode(W3CHttpResponseCodec.java:52)
at org.openqa.selenium.remote.HttpCommandExecutor.execute(HttpCommandExecutor.java:161)
at org.openqa.selenium.remote.service.DriverCommandExecutor.execute(DriverCommandExecutor.java:83)
at org.openqa.selenium.remote.RemoteWebDriver.execute(RemoteWebDriver.java:576)
at org.openqa.selenium.remote.RemoteWebDriver.findElement(RemoteWebDriver.java:327)
at org.openqa.selenium.remote.RemoteWebDriver.findElementByXPath(RemoteWebDriver.java:445)
at org.openqa.selenium.By$ByXPath.findElement(By.java:396)
at org.openqa.selenium.remote.RemoteWebDriver.findElement(RemoteWebDriver.java:319)
at org.openqa.selenium.support.pagefactory.DefaultElementLocator.findElement(DefaultElementLocator.java:70)
at org.openqa.selenium.support.pagefactory.internal.LocatingElementHandler.invoke(LocatingElementHandler.java:39)
at com.sun.proxy.$Proxy18.isDisplayed(Unknown Source)
at pageObjects.MyGrantsPage.verifyErrorNumShown(MyGrantsPage.java:491)
at stepDefinitions.GetNewGrantSteps.verify_error_numbers_are_shown_in_the_sidebar(GetNewGrantSteps.java:127)
at ✽.Verify error numbers are shown in the sidebar(src/test/resources/features/GetNewGrant.feature:64)
]]>
            </full-stacktrace>
          </exception> <!-- org.openqa.selenium.NoSuchElementException -->
          <reporter-output>
          </reporter-output>
        </test-method> <!-- runScenario -->
        <test-method status="PASS" signature="tearDownClass()[pri:0, instance:testRunner.TestRunner@5f282abb]" name="tearDownClass" is-config="true" duration-ms="532" started-at="2020-06-14T21:52:56 SGT" finished-at="2020-06-14T21:52:57 SGT">
          <reporter-output>
          </reporter-output>
        </test-method> <!-- tearDownClass -->
      </class> <!-- testRunner.TestRunner -->
    </test> <!-- Default test -->
  </suite> <!-- Default suite -->
</testng-results>
